<?xml version="1.0" encoding="UTF-8"?>
<testsuite name="com.example.ServerTest" tests="3" skipped="0" failures="0" errors="0" timestamp="2026-06-04T20:55:03.260Z" hostname="jackcienkus" time="1.523">
  <properties/>
  <testcase name="test root endpoint" classname="com.example.ServerTest" time="0.276"/>
  <testcase name="test html endpoint" classname="com.example.ServerTest" time="0.03"/>
  <testcase name="test fires endpoint" classname="com.example.ServerTest" time="1.215"/>
  <system-out><![CDATA[2026-06-04 14:55:03.479 [DefaultDispatcher-worker-2 @call-context#3] INFO  io.ktor.test - No ktor.deployment.watch patterns specified, automatic reload is not active.
2026-06-04 14:55:03.514 [DefaultDispatcher-worker-2 @call-context#3] INFO  io.ktor.test - Application started in 0.041 seconds.
2026-06-04 14:55:03.514 [DefaultDispatcher-worker-3 @coroutine#5] INFO  io.ktor.test - Responding at http://localhost:80
2026-06-04 14:55:03.515 [DefaultDispatcher-worker-3 @coroutine#5] INFO  io.ktor.test - Responding at https://localhost:443
2026-06-04 14:55:03.540 [DefaultDispatcher-worker-4 @call-context#15] INFO  io.ktor.test - No ktor.deployment.watch patterns specified, automatic reload is not active.
2026-06-04 14:55:03.541 [DefaultDispatcher-worker-4 @call-context#15] INFO  io.ktor.test - Application started in 0.002 seconds.
2026-06-04 14:55:03.541 [DefaultDispatcher-worker-2 @coroutine#17] INFO  io.ktor.test - Responding at http://localhost:80
2026-06-04 14:55:03.541 [DefaultDispatcher-worker-2 @coroutine#17] INFO  io.ktor.test - Responding at https://localhost:443
2026-06-04 14:55:03.570 [DefaultDispatcher-worker-5 @call-context#27] INFO  io.ktor.test - No ktor.deployment.watch patterns specified, automatic reload is not active.
2026-06-04 14:55:03.571 [DefaultDispatcher-worker-5 @call-context#27] INFO  io.ktor.test - Application started in 0.001 seconds.
2026-06-04 14:55:03.571 [DefaultDispatcher-worker-3 @coroutine#29] INFO  io.ktor.test - Responding at http://localhost:80
2026-06-04 14:55:03.571 [DefaultDispatcher-worker-3 @coroutine#29] INFO  io.ktor.test - Responding at https://localhost:443
]]></system-out>
  <system-err><![CDATA[]]></system-err>
</testsuite>
