<?xml version="1.0" encoding="UTF-8"?>
<testsuite name="com.example.ServerTest" tests="3" skipped="0" failures="0" errors="0" timestamp="2026-06-04T16:46:45.831Z" hostname="parker" time="1.104">
  <properties/>
  <testcase name="test root endpoint" classname="com.example.ServerTest" time="0.284"/>
  <testcase name="test fires endpoint" classname="com.example.ServerTest" time="0.813"/>
  <testcase name="test filter endpoint" classname="com.example.ServerTest" time="0.006"/>
  <system-out><![CDATA[2026-06-04 10:46:46.074 [DefaultDispatcher-worker-2 @call-context#3] INFO  io.ktor.test - No ktor.deployment.watch patterns specified, automatic reload is not active.
2026-06-04 10:46:46.090 [DefaultDispatcher-worker-2 @call-context#3] INFO  io.ktor.test - Application started in 0.02 seconds.
2026-06-04 10:46:46.091 [DefaultDispatcher-worker-3 @coroutine#5] INFO  io.ktor.test - Responding at http://localhost:80
2026-06-04 10:46:46.091 [DefaultDispatcher-worker-3 @coroutine#5] INFO  io.ktor.test - Responding at https://localhost:443
2026-06-04 10:46:46.118 [DefaultDispatcher-worker-3 @call-context#15] INFO  io.ktor.test - No ktor.deployment.watch patterns specified, automatic reload is not active.
2026-06-04 10:46:46.119 [DefaultDispatcher-worker-3 @call-context#15] INFO  io.ktor.test - Application started in 0.001 seconds.
2026-06-04 10:46:46.119 [DefaultDispatcher-worker-4 @coroutine#17] INFO  io.ktor.test - Responding at http://localhost:80
2026-06-04 10:46:46.119 [DefaultDispatcher-worker-4 @coroutine#17] INFO  io.ktor.test - Responding at https://localhost:443
2026-06-04 10:46:46.932 [DefaultDispatcher-worker-3 @call-context#27] INFO  io.ktor.test - No ktor.deployment.watch patterns specified, automatic reload is not active.
2026-06-04 10:46:46.933 [DefaultDispatcher-worker-3 @call-context#27] INFO  io.ktor.test - Application started in 0.001 seconds.
2026-06-04 10:46:46.933 [DefaultDispatcher-worker-6 @coroutine#29] INFO  io.ktor.test - Responding at http://localhost:80
2026-06-04 10:46:46.934 [DefaultDispatcher-worker-6 @coroutine#29] INFO  io.ktor.test - Responding at https://localhost:443
]]></system-out>
  <system-err><![CDATA[]]></system-err>
</testsuite>
